<?xml version="1.0" encoding="UTF-8"?>
<coverage generated="1702570178180" clover="3.2.0">
  <project timestamp="1702570178180" name="All files">
    <metrics statements="13" coveredstatements="10" conditionals="6" coveredconditionals="3" methods="5" coveredmethods="4" elements="24" coveredelements="17" complexity="0" loc="13" ncloc="13" packages="1" files="1" classes="1"/>
    <file name="pageLink.tsx" path="C:\Laboratoria\Proyectos\DEV010-movie-challenge-fw\movie-challenge\src\Components\pageLink.tsx">
      <metrics statements="13" coveredstatements="10" conditionals="6" coveredconditionals="3" methods="5" coveredmethods="4"/>
      <line num="14" count="1" type="stmt"/>
      <line num="16" count="6" type="stmt"/>
      <line num="17" count="1" type="stmt"/>
      <line num="21" count="6" type="stmt"/>
      <line num="22" count="1" type="cond" truecount="1" falsecount="1"/>
      <line num="23" count="1" type="stmt"/>
      <line num="27" count="6" type="stmt"/>
      <line num="28" count="1" type="stmt"/>
      <line num="31" count="6" type="stmt"/>
      <line num="32" count="0" type="stmt"/>
      <line num="33" count="0" type="cond" truecount="0" falsecount="2"/>
      <line num="34" count="0" type="stmt"/>
      <line num="38" count="6" type="stmt"/>
    </file>
  </project>
</coverage>
