{"C:\\Laboratoria\\Proyectos\\DEV010-movie-challenge-fw\\movie-challenge\\src\\Components\\pageLink.tsx": {"path":"C:\\Laboratoria\\Proyectos\\DEV010-movie-challenge-fw\\movie-challenge\\src\\Components\\pageLink.tsx","statementMap":{"0":{"start":{"line":14,"column":18},"end":{"line":75,"column":1}},"1":{"start":{"line":16,"column":25},"end":{"line":18,"column":3}},"2":{"start":{"line":17,"column":4},"end":{"line":17,"column":36}},"3":{"start":{"line":21,"column":25},"end":{"line":25,"column":3}},"4":{"start":{"line":22,"column":4},"end":{"line":24,"column":5}},"5":{"start":{"line":23,"column":6},"end":{"line":23,"column":38}},"6":{"start":{"line":27,"column":26},"end":{"line":29,"column":3}},"7":{"start":{"line":28,"column":4},"end":{"line":28,"column":22}},"8":{"start":{"line":31,"column":25},"end":{"line":36,"column":3}},"9":{"start":{"line":32,"column":4},"end":{"line":32,"column":23}},"10":{"start":{"line":33,"column":4},"end":{"line":35,"column":5}},"11":{"start":{"line":34,"column":6},"end":{"line":34,"column":25}},"12":{"start":{"line":38,"column":2},"end":{"line":74,"column":4}}},"fnMap":{"0":{"name":"(anonymous_0)","decl":{"start":{"line":14,"column":18},"end":{"line":14,"column":19}},"loc":{"start":{"line":14,"column":76},"end":{"line":75,"column":1}},"line":14},"1":{"name":"(anonymous_1)","decl":{"start":{"line":16,"column":25},"end":{"line":16,"column":26}},"loc":{"start":{"line":16,"column":31},"end":{"line":18,"column":3}},"line":16},"2":{"name":"(anonymous_2)","decl":{"start":{"line":21,"column":25},"end":{"line":21,"column":26}},"loc":{"start":{"line":21,"column":31},"end":{"line":25,"column":3}},"line":21},"3":{"name":"(anonymous_3)","decl":{"start":{"line":27,"column":26},"end":{"line":27,"column":27}},"loc":{"start":{"line":27,"column":32},"end":{"line":29,"column":3}},"line":27},"4":{"name":"(anonymous_4)","decl":{"start":{"line":31,"column":25},"end":{"line":31,"column":26}},"loc":{"start":{"line":31,"column":31},"end":{"line":36,"column":3}},"line":31}},"branchMap":{"0":{"loc":{"start":{"line":22,"column":4},"end":{"line":24,"column":5}},"type":"if","locations":[{"start":{"line":22,"column":4},"end":{"line":24,"column":5}},{"start":{},"end":{}}],"line":22},"1":{"loc":{"start":{"line":33,"column":4},"end":{"line":35,"column":5}},"type":"if","locations":[{"start":{"line":33,"column":4},"end":{"line":35,"column":5}},{"start":{},"end":{}}],"line":33},"2":{"loc":{"start":{"line":62,"column":9},"end":{"line":71,"column":9}},"type":"binary-expr","locations":[{"start":{"line":62,"column":9},"end":{"line":62,"column":26}},{"start":{"line":63,"column":10},"end":{"line":70,"column":11}}],"line":62}},"s":{"0":1,"1":6,"2":1,"3":6,"4":1,"5":1,"6":6,"7":1,"8":6,"9":0,"10":0,"11":0,"12":6},"f":{"0":6,"1":1,"2":1,"3":1,"4":0},"b":{"0":[1,0],"1":[0,0],"2":[6,5]},"_coverageSchema":"1a1c01bbd47fc00a2c39e90264f33305004495a9","hash":"2926a9f55dba5fc979501de37e4010b34cd5852c"}
}
